;  LST file generated by mikroListExporter - v.2.0 
; Date/Time: 30/05/2013 11:06:06
;----------------------------------------------

;Address Opcode 	ASM
0x0000	0x2A4C      	GOTO       588
_interrupt:
0x0004	0x00FF      	MOVWF      R15
0x0005	0x0E03      	SWAPF      STATUS, 0
0x0006	0x0183      	CLRF       STATUS
0x0007	0x1683      	BSF        STATUS, 5
0x0008	0x00C5      	MOVWF      ___saveSTATUS
0x0009	0x080A      	MOVF       PCLATH, 0
0x000A	0x00C4      	MOVWF      ___savePCLATH
0x000B	0x018A      	CLRF       PCLATH
0x000C	0x0870      	MOVF       R0, 0
0x000D	0x1283      	BCF        STATUS, 5
0x000E	0x00A2      	MOVWF      34
0x000F	0x087C      	MOVF       R12, 0
0x0010	0x00A1      	MOVWF      33
0x0011	0x087D      	MOVF       R13, 0
0x0012	0x00A0      	MOVWF      32
0x0013	0x0804      	MOVF       FSR, 0
0x0014	0x00A3      	MOVWF      35
;home_automation.c,35 :: 		void interrupt()
;home_automation.c,39 :: 		short k=0, j;
0x0015	0x1683      	BSF        STATUS, 5
0x0016	0x01E3      	CLRF       interrupt_k_L0
;home_automation.c,40 :: 		do {
L_interrupt0:
;home_automation.c,41 :: 		while(!UART1_Data_Ready());
L_interrupt3:
0x0017	0x220F      	CALL       _UART1_Data_Ready
0x0018	0x0870      	MOVF       R0, 0
0x0019	0x1D03      	BTFSS      STATUS, 2
0x001A	0x281C      	GOTO       L_interrupt4
0x001B	0x2817      	GOTO       L_interrupt3
L_interrupt4:
;home_automation.c,42 :: 		delimiter_[1]=delimiter_[0];
0x001C	0x1683      	BSF        STATUS, 5
0x001D	0x084C      	MOVF       interrupt_delimiter__L0, 0
0x001E	0x00CD      	MOVWF      interrupt_delimiter__L0+1
;home_automation.c,43 :: 		delimiter_[0]=UART1_Read();
0x001F	0x2216      	CALL       _UART1_Read
0x0020	0x0870      	MOVF       R0, 0
0x0021	0x1683      	BSF        STATUS, 5
0x0022	0x00CC      	MOVWF      interrupt_delimiter__L0
;home_automation.c,44 :: 		txt[k]=delimiter_[0];
0x0023	0x0863      	MOVF       interrupt_k_L0, 0
0x0024	0x3ECE      	ADDLW      interrupt_txt_L0
0x0025	0x0084      	MOVWF      FSR
0x0026	0x0870      	MOVF       R0, 0
0x0027	0x0080      	MOVWF      INDF
;home_automation.c,45 :: 		k++;
0x0028	0x0AE3      	INCF       interrupt_k_L0, 1
;home_automation.c,46 :: 		if((delimiter_[0]== 0x4E && delimiter_[1]==0x4F) || (delimiter_[0]==0x46  && delimiter_[1]==0x46) || k>5)
0x0029	0x084C      	MOVF       interrupt_delimiter__L0, 0
0x002A	0x3A4E      	XORLW      78
0x002B	0x1D03      	BTFSS      STATUS, 2
0x002C	0x2832      	GOTO       L__interrupt45
0x002D	0x084D      	MOVF       interrupt_delimiter__L0+1, 0
0x002E	0x3A4F      	XORLW      79
0x002F	0x1D03      	BTFSS      STATUS, 2
0x0030	0x2832      	GOTO       L__interrupt45
0x0031	0x2844      	GOTO       L__interrupt43
L__interrupt45:
0x0032	0x084C      	MOVF       interrupt_delimiter__L0, 0
0x0033	0x3A46      	XORLW      70
0x0034	0x1D03      	BTFSS      STATUS, 2
0x0035	0x283B      	GOTO       L__interrupt44
0x0036	0x084D      	MOVF       interrupt_delimiter__L0+1, 0
0x0037	0x3A46      	XORLW      70
0x0038	0x1D03      	BTFSS      STATUS, 2
0x0039	0x283B      	GOTO       L__interrupt44
0x003A	0x2844      	GOTO       L__interrupt43
L__interrupt44:
0x003B	0x3080      	MOVLW      128
0x003C	0x3A05      	XORLW      5
0x003D	0x00F0      	MOVWF      R0
0x003E	0x3080      	MOVLW      128
0x003F	0x0663      	XORWF      interrupt_k_L0, 0
0x0040	0x0270      	SUBWF      R0, 0
0x0041	0x1C03      	BTFSS      STATUS, 0
0x0042	0x2844      	GOTO       L__interrupt43
0x0043	0x2845      	GOTO       L_interrupt11
L__interrupt43:
;home_automation.c,47 :: 		break;
0x0044	0x2846      	GOTO       L_interrupt1
L_interrupt11:
;home_automation.c,48 :: 		} while(1);
0x0045	0x2817      	GOTO       L_interrupt0
L_interrupt1:
;home_automation.c,49 :: 		RCIF_bit=0;
0x0046	0x1283      	BCF        STATUS, 5
0x0047	0x128C      	BCF        RCIF_bit, 5
;home_automation.c,50 :: 		delay_ms(20);
0x0048	0x3034      	MOVLW      52
0x0049	0x00FC      	MOVWF      R12
0x004A	0x30F1      	MOVLW      241
0x004B	0x00FD      	MOVWF      R13
L_interrupt12:
0x004C	0x0BFD      	DECFSZ     R13, 1
0x004D	0x284C      	GOTO       L_interrupt12
0x004E	0x0BFC      	DECFSZ     R12, 1
0x004F	0x284C      	GOTO       L_interrupt12
0x0050	0x0000      	NOP
0x0051	0x0000      	NOP
;home_automation.c,52 :: 		j=i;
0x0052	0x086E      	MOVF       _i, 0
0x0053	0x1683      	BSF        STATUS, 5
0x0054	0x00E2      	MOVWF      interrupt_j_L0
;home_automation.c,53 :: 		i=10;
0x0055	0x300A      	MOVLW      10
0x0056	0x1283      	BCF        STATUS, 5
0x0057	0x00EE      	MOVWF      _i
;home_automation.c,54 :: 		if(strncmp("FAON",txt,4)== 0){
0x0058	0x3053      	MOVLW      ?lstr1_home_automation
0x0059	0x1683      	BSF        STATUS, 5
0x005A	0x00E4      	MOVWF      FARG_strncmp_s1
0x005B	0x30CE      	MOVLW      interrupt_txt_L0
0x005C	0x00E5      	MOVWF      FARG_strncmp_s2
0x005D	0x3004      	MOVLW      4
0x005E	0x00E6      	MOVWF      FARG_strncmp_len
0x005F	0x2221      	CALL       _strncmp
0x0060	0x3000      	MOVLW      0
0x0061	0x0671      	XORWF      R0+1, 0
0x0062	0x1D03      	BTFSS      STATUS, 2
0x0063	0x2866      	GOTO       L__interrupt48
0x0064	0x3000      	MOVLW      0
0x0065	0x0670      	XORWF      R0, 0
L__interrupt48:
0x0066	0x1D03      	BTFSS      STATUS, 2
0x0067	0x286C      	GOTO       L_interrupt13
;home_automation.c,55 :: 		kifaa_status=1;
0x0068	0x3001      	MOVLW      1
0x0069	0x1283      	BCF        STATUS, 5
0x006A	0x00EB      	MOVWF      _kifaa_status
;home_automation.c,56 :: 		}
0x006B	0x28D4      	GOTO       L_interrupt14
L_interrupt13:
;home_automation.c,57 :: 		else if(strncmp("TAAON",txt,5)== 0){
0x006C	0x304D      	MOVLW      ?lstr2_home_automation
0x006D	0x1683      	BSF        STATUS, 5
0x006E	0x00E4      	MOVWF      FARG_strncmp_s1
0x006F	0x30CE      	MOVLW      interrupt_txt_L0
0x0070	0x00E5      	MOVWF      FARG_strncmp_s2
0x0071	0x3005      	MOVLW      5
0x0072	0x00E6      	MOVWF      FARG_strncmp_len
0x0073	0x2221      	CALL       _strncmp
0x0074	0x3000      	MOVLW      0
0x0075	0x0671      	XORWF      R0+1, 0
0x0076	0x1D03      	BTFSS      STATUS, 2
0x0077	0x287A      	GOTO       L__interrupt49
0x0078	0x3000      	MOVLW      0
0x0079	0x0670      	XORWF      R0, 0
L__interrupt49:
0x007A	0x1D03      	BTFSS      STATUS, 2
0x007B	0x2880      	GOTO       L_interrupt15
;home_automation.c,58 :: 		kifaa_status=2;
0x007C	0x3002      	MOVLW      2
0x007D	0x1283      	BCF        STATUS, 5
0x007E	0x00EB      	MOVWF      _kifaa_status
;home_automation.c,59 :: 		}
0x007F	0x28D4      	GOTO       L_interrupt16
L_interrupt15:
;home_automation.c,60 :: 		else if(strncmp("TFON",txt,4)== 0){
0x0080	0x3048      	MOVLW      ?lstr3_home_automation
0x0081	0x1683      	BSF        STATUS, 5
0x0082	0x00E4      	MOVWF      FARG_strncmp_s1
0x0083	0x30CE      	MOVLW      interrupt_txt_L0
0x0084	0x00E5      	MOVWF      FARG_strncmp_s2
0x0085	0x3004      	MOVLW      4
0x0086	0x00E6      	MOVWF      FARG_strncmp_len
0x0087	0x2221      	CALL       _strncmp
0x0088	0x3000      	MOVLW      0
0x0089	0x0671      	XORWF      R0+1, 0
0x008A	0x1D03      	BTFSS      STATUS, 2
0x008B	0x288E      	GOTO       L__interrupt50
0x008C	0x3000      	MOVLW      0
0x008D	0x0670      	XORWF      R0, 0
L__interrupt50:
0x008E	0x1D03      	BTFSS      STATUS, 2
0x008F	0x2894      	GOTO       L_interrupt17
;home_automation.c,61 :: 		kifaa_status=3;
0x0090	0x3003      	MOVLW      3
0x0091	0x1283      	BCF        STATUS, 5
0x0092	0x00EB      	MOVWF      _kifaa_status
;home_automation.c,62 :: 		}
0x0093	0x28D4      	GOTO       L_interrupt18
L_interrupt17:
;home_automation.c,63 :: 		else if(strncmp("FAOFF",txt,5)== 0){
0x0094	0x3065      	MOVLW      ?lstr4_home_automation
0x0095	0x1683      	BSF        STATUS, 5
0x0096	0x00E4      	MOVWF      FARG_strncmp_s1
0x0097	0x30CE      	MOVLW      interrupt_txt_L0
0x0098	0x00E5      	MOVWF      FARG_strncmp_s2
0x0099	0x3005      	MOVLW      5
0x009A	0x00E6      	MOVWF      FARG_strncmp_len
0x009B	0x2221      	CALL       _strncmp
0x009C	0x3000      	MOVLW      0
0x009D	0x0671      	XORWF      R0+1, 0
0x009E	0x1D03      	BTFSS      STATUS, 2
0x009F	0x28A2      	GOTO       L__interrupt51
0x00A0	0x3000      	MOVLW      0
0x00A1	0x0670      	XORWF      R0, 0
L__interrupt51:
0x00A2	0x1D03      	BTFSS      STATUS, 2
0x00A3	0x28A8      	GOTO       L_interrupt19
;home_automation.c,64 :: 		kifaa_status=4;
0x00A4	0x3004      	MOVLW      4
0x00A5	0x1283      	BCF        STATUS, 5
0x00A6	0x00EB      	MOVWF      _kifaa_status
;home_automation.c,65 :: 		}
0x00A7	0x28D4      	GOTO       L_interrupt20
L_interrupt19:
;home_automation.c,66 :: 		else if(strncmp("TAAOFF",txt,6)== 0){
0x00A8	0x305E      	MOVLW      ?lstr5_home_automation
0x00A9	0x1683      	BSF        STATUS, 5
0x00AA	0x00E4      	MOVWF      FARG_strncmp_s1
0x00AB	0x30CE      	MOVLW      interrupt_txt_L0
0x00AC	0x00E5      	MOVWF      FARG_strncmp_s2
0x00AD	0x3006      	MOVLW      6
0x00AE	0x00E6      	MOVWF      FARG_strncmp_len
0x00AF	0x2221      	CALL       _strncmp
0x00B0	0x3000      	MOVLW      0
0x00B1	0x0671      	XORWF      R0+1, 0
0x00B2	0x1D03      	BTFSS      STATUS, 2
0x00B3	0x28B6      	GOTO       L__interrupt52
0x00B4	0x3000      	MOVLW      0
0x00B5	0x0670      	XORWF      R0, 0
L__interrupt52:
0x00B6	0x1D03      	BTFSS      STATUS, 2
0x00B7	0x28BC      	GOTO       L_interrupt21
;home_automation.c,67 :: 		kifaa_status=5;
0x00B8	0x3005      	MOVLW      5
0x00B9	0x1283      	BCF        STATUS, 5
0x00BA	0x00EB      	MOVWF      _kifaa_status
;home_automation.c,68 :: 		}
0x00BB	0x28D4      	GOTO       L_interrupt22
L_interrupt21:
;home_automation.c,69 :: 		else if(strncmp("TFOFF",txt,5)== 0){
0x00BC	0x3058      	MOVLW      ?lstr6_home_automation
0x00BD	0x1683      	BSF        STATUS, 5
0x00BE	0x00E4      	MOVWF      FARG_strncmp_s1
0x00BF	0x30CE      	MOVLW      interrupt_txt_L0
0x00C0	0x00E5      	MOVWF      FARG_strncmp_s2
0x00C1	0x3005      	MOVLW      5
0x00C2	0x00E6      	MOVWF      FARG_strncmp_len
0x00C3	0x2221      	CALL       _strncmp
0x00C4	0x3000      	MOVLW      0
0x00C5	0x0671      	XORWF      R0+1, 0
0x00C6	0x1D03      	BTFSS      STATUS, 2
0x00C7	0x28CA      	GOTO       L__interrupt53
0x00C8	0x3000      	MOVLW      0
0x00C9	0x0670      	XORWF      R0, 0
L__interrupt53:
0x00CA	0x1D03      	BTFSS      STATUS, 2
0x00CB	0x28D0      	GOTO       L_interrupt23
;home_automation.c,70 :: 		kifaa_status=6;
0x00CC	0x3006      	MOVLW      6
0x00CD	0x1283      	BCF        STATUS, 5
0x00CE	0x00EB      	MOVWF      _kifaa_status
;home_automation.c,71 :: 		}
0x00CF	0x28D4      	GOTO       L_interrupt24
L_interrupt23:
;home_automation.c,74 :: 		i=j;
0x00D0	0x1683      	BSF        STATUS, 5
0x00D1	0x0862      	MOVF       interrupt_j_L0, 0
0x00D2	0x1283      	BCF        STATUS, 5
0x00D3	0x00EE      	MOVWF      _i
L_interrupt24:
L_interrupt22:
L_interrupt20:
L_interrupt18:
L_interrupt16:
L_interrupt14:
;home_automation.c,75 :: 		}//void interrupt
L_end_interrupt:
L__interrupt47:
0x00D4	0x0822      	MOVF       34, 0
0x00D5	0x00F0      	MOVWF      R0
0x00D6	0x0821      	MOVF       33, 0
0x00D7	0x00FC      	MOVWF      R12
0x00D8	0x0820      	MOVF       32, 0
0x00D9	0x00FD      	MOVWF      R13
0x00DA	0x0823      	MOVF       35, 0
0x00DB	0x0084      	MOVWF      FSR
0x00DC	0x1683      	BSF        STATUS, 5
0x00DD	0x0844      	MOVF       ___savePCLATH, 0
0x00DE	0x008A      	MOVWF      PCLATH
0x00DF	0x0E45      	SWAPF      ___saveSTATUS, 0
0x00E0	0x0083      	MOVWF      STATUS
0x00E1	0x0EFF      	SWAPF      R15, 1
0x00E2	0x0E7F      	SWAPF      R15, 0
0x00E3	0x0009      	RETFIE
; end of _interrupt
_Delay_50us:
;__Lib_Delays.c,19 :: 		void Delay_50us() {
;__Lib_Delays.c,20 :: 		Delay_us(50);
0x00E4	0x3021      	MOVLW      33
0x00E5	0x1283      	BCF        STATUS, 5
0x00E6	0x1303      	BCF        STATUS, 6
0x00E7	0x00FD      	MOVWF      R13
L_Delay_50us2:
0x00E8	0x0BFD      	DECFSZ     R13, 1
0x00E9	0x28E8      	GOTO       L_Delay_50us2
;__Lib_Delays.c,21 :: 		}
L_end_Delay_50us:
0x00EA	0x0008      	RETURN
; end of _Delay_50us
_Delay_5500us:
;__Lib_Delays.c,31 :: 		void Delay_5500us() {
;__Lib_Delays.c,32 :: 		Delay_us(5500);
0x00EB	0x300F      	MOVLW      15
0x00EC	0x1283      	BCF        STATUS, 5
0x00ED	0x1303      	BCF        STATUS, 6
0x00EE	0x00FC      	MOVWF      R12
0x00EF	0x3047      	MOVLW      71
0x00F0	0x00FD      	MOVWF      R13
L_Delay_5500us5:
0x00F1	0x0BFD      	DECFSZ     R13, 1
0x00F2	0x28F1      	GOTO       L_Delay_5500us5
0x00F3	0x0BFC      	DECFSZ     R12, 1
0x00F4	0x28F1      	GOTO       L_Delay_5500us5
0x00F5	0x0000      	NOP
0x00F6	0x0000      	NOP
;__Lib_Delays.c,33 :: 		}
L_end_Delay_5500us:
0x00F7	0x0008      	RETURN
; end of _Delay_5500us
_Delay_1us:
;__Lib_Delays.c,7 :: 		void Delay_1us() {
;__Lib_Delays.c,8 :: 		Delay_us(1);
0x00F8	0x0000      	NOP
0x00F9	0x0000      	NOP
;__Lib_Delays.c,9 :: 		}
L_end_Delay_1us:
0x00FA	0x0008      	RETURN
; end of _Delay_1us
_Lcd_Cmd:
;__Lib_Lcd.c,18 :: 		
;__Lib_Lcd.c,20 :: 		
0x00FB	0x1683      	BSF        STATUS, 5
0x00FC	0x1303      	BCF        STATUS, 6
0x00FD	0x1BCB      	BTFSC      FARG_Lcd_Cmd_out_char, 7
0x00FE	0x2902      	GOTO       L__Lcd_Cmd21
0x00FF	0x1283      	BCF        STATUS, 5
0x0100	0x1386      	BCF        LCD_D7, BitPos(LCD_D7+0)
0x0101	0x2904      	GOTO       L__Lcd_Cmd22
L__Lcd_Cmd21:
0x0102	0x1283      	BCF        STATUS, 5
0x0103	0x1786      	BSF        LCD_D7, BitPos(LCD_D7+0)
L__Lcd_Cmd22:
;__Lib_Lcd.c,21 :: 		
0x0104	0x1683      	BSF        STATUS, 5
0x0105	0x1B4B      	BTFSC      FARG_Lcd_Cmd_out_char, 6
0x0106	0x290A      	GOTO       L__Lcd_Cmd23
0x0107	0x1283      	BCF        STATUS, 5
0x0108	0x1306      	BCF        LCD_D6, BitPos(LCD_D6+0)
0x0109	0x290C      	GOTO       L__Lcd_Cmd24
L__Lcd_Cmd23:
0x010A	0x1283      	BCF        STATUS, 5
0x010B	0x1706      	BSF        LCD_D6, BitPos(LCD_D6+0)
L__Lcd_Cmd24:
;__Lib_Lcd.c,22 :: 		
0x010C	0x1683      	BSF        STATUS, 5
0x010D	0x1ACB      	BTFSC      FARG_Lcd_Cmd_out_char, 5
0x010E	0x2912      	GOTO       L__Lcd_Cmd25
0x010F	0x1283      	BCF        STATUS, 5
0x0110	0x1286      	BCF        LCD_D5, BitPos(LCD_D5+0)
0x0111	0x2914      	GOTO       L__Lcd_Cmd26
L__Lcd_Cmd25:
0x0112	0x1283      	BCF        STATUS, 5
0x0113	0x1686      	BSF        LCD_D5, BitPos(LCD_D5+0)
L__Lcd_Cmd26:
;__Lib_Lcd.c,23 :: 		
0x0114	0x1683      	BSF        STATUS, 5
0x0115	0x1A4B      	BTFSC      FARG_Lcd_Cmd_out_char, 4
0x0116	0x291A      	GOTO       L__Lcd_Cmd27
0x0117	0x1283      	BCF        STATUS, 5
0x0118	0x1206      	BCF        LCD_D4, BitPos(LCD_D4+0)
0x0119	0x291C      	GOTO       L__Lcd_Cmd28
L__Lcd_Cmd27:
0x011A	0x1283      	BCF        STATUS, 5
0x011B	0x1606      	BSF        LCD_D4, BitPos(LCD_D4+0)
L__Lcd_Cmd28:
;__Lib_Lcd.c,25 :: 		
0x011C	0x186F      	BTFSC      __Lib_Lcd_cmd_status, BitPos(__Lib_Lcd_cmd_status+0)
0x011D	0x2920      	GOTO       L__Lcd_Cmd29
0x011E	0x1506      	BSF        LCD_RS, BitPos(LCD_RS+0)
0x011F	0x2921      	GOTO       L__Lcd_Cmd30
L__Lcd_Cmd29:
0x0120	0x1106      	BCF        LCD_RS, BitPos(LCD_RS+0)
L__Lcd_Cmd30:
;__Lib_Lcd.c,28 :: 		
0x0121	0x1586      	BSF        LCD_EN, BitPos(LCD_EN+0)
;__Lib_Lcd.c,29 :: 		
0x0122	0x20F8      	CALL       _Delay_1us
;__Lib_Lcd.c,30 :: 		
0x0123	0x1186      	BCF        LCD_EN, BitPos(LCD_EN+0)
;__Lib_Lcd.c,33 :: 		
0x0124	0x1683      	BSF        STATUS, 5
0x0125	0x19CB      	BTFSC      FARG_Lcd_Cmd_out_char, 3
0x0126	0x292A      	GOTO       L__Lcd_Cmd31
0x0127	0x1283      	BCF        STATUS, 5
0x0128	0x1386      	BCF        LCD_D7, BitPos(LCD_D7+0)
0x0129	0x292C      	GOTO       L__Lcd_Cmd32
L__Lcd_Cmd31:
0x012A	0x1283      	BCF        STATUS, 5
0x012B	0x1786      	BSF        LCD_D7, BitPos(LCD_D7+0)
L__Lcd_Cmd32:
;__Lib_Lcd.c,34 :: 		
0x012C	0x1683      	BSF        STATUS, 5
0x012D	0x194B      	BTFSC      FARG_Lcd_Cmd_out_char, 2
0x012E	0x2932      	GOTO       L__Lcd_Cmd33
0x012F	0x1283      	BCF        STATUS, 5
0x0130	0x1306      	BCF        LCD_D6, BitPos(LCD_D6+0)
0x0131	0x2934      	GOTO       L__Lcd_Cmd34
L__Lcd_Cmd33:
0x0132	0x1283      	BCF        STATUS, 5
0x0133	0x1706      	BSF        LCD_D6, BitPos(LCD_D6+0)
L__Lcd_Cmd34:
;__Lib_Lcd.c,35 :: 		
0x0134	0x1683      	BSF        STATUS, 5
0x0135	0x18CB      	BTFSC      FARG_Lcd_Cmd_out_char, 1
0x0136	0x293A      	GOTO       L__Lcd_Cmd35
0x0137	0x1283      	BCF        STATUS, 5
0x0138	0x1286      	BCF        LCD_D5, BitPos(LCD_D5+0)
0x0139	0x293C      	GOTO       L__Lcd_Cmd36
L__Lcd_Cmd35:
0x013A	0x1283      	BCF        STATUS, 5
0x013B	0x1686      	BSF        LCD_D5, BitPos(LCD_D5+0)
L__Lcd_Cmd36:
;__Lib_Lcd.c,36 :: 		
0x013C	0x1683      	BSF        STATUS, 5
0x013D	0x184B      	BTFSC      FARG_Lcd_Cmd_out_char, 0
0x013E	0x2942      	GOTO       L__Lcd_Cmd37
0x013F	0x1283      	BCF        STATUS, 5
0x0140	0x1206      	BCF        LCD_D4, BitPos(LCD_D4+0)
0x0141	0x2944      	GOTO       L__Lcd_Cmd38
L__Lcd_Cmd37:
0x0142	0x1283      	BCF        STATUS, 5
0x0143	0x1606      	BSF        LCD_D4, BitPos(LCD_D4+0)
L__Lcd_Cmd38:
;__Lib_Lcd.c,38 :: 		
0x0144	0x186F      	BTFSC      __Lib_Lcd_cmd_status, BitPos(__Lib_Lcd_cmd_status+0)
0x0145	0x2948      	GOTO       L__Lcd_Cmd39
0x0146	0x1506      	BSF        LCD_RS, BitPos(LCD_RS+0)
0x0147	0x2949      	GOTO       L__Lcd_Cmd40
L__Lcd_Cmd39:
0x0148	0x1106      	BCF        LCD_RS, BitPos(LCD_RS+0)
L__Lcd_Cmd40:
;__Lib_Lcd.c,40 :: 		
0x0149	0x1586      	BSF        LCD_EN, BitPos(LCD_EN+0)
;__Lib_Lcd.c,41 :: 		
0x014A	0x20F8      	CALL       _Delay_1us
;__Lib_Lcd.c,42 :: 		
0x014B	0x1186      	BCF        LCD_EN, BitPos(LCD_EN+0)
;__Lib_Lcd.c,44 :: 		
0x014C	0x1C6F      	BTFSS      __Lib_Lcd_cmd_status, BitPos(__Lib_Lcd_cmd_status+0)
0x014D	0x2950      	GOTO       L_Lcd_Cmd0
;__Lib_Lcd.c,45 :: 		
0x014E	0x20EB      	CALL       _Delay_5500us
0x014F	0x2951      	GOTO       L_Lcd_Cmd1
L_Lcd_Cmd0:
;__Lib_Lcd.c,47 :: 		
0x0150	0x20E4      	CALL       _Delay_50us
L_Lcd_Cmd1:
;__Lib_Lcd.c,48 :: 		
L_end_Lcd_Cmd:
0x0151	0x0008      	RETURN
; end of _Lcd_Cmd
_____DoICP:
;__Lib_System.c,6 :: 		
;__Lib_System.c,9 :: 		
0x0152	0x1283      	BCF        STATUS, 5
0x0153	0x1303      	BCF        STATUS, 6
0x0154	0x086D      	MOVF       ___DoICPAddr+1, 0
0x0155	0x008A      	MOVWF      PCLATH
;__Lib_System.c,10 :: 		
0x0156	0x086C      	MOVF       ___DoICPAddr, 0
0x0157	0x0082      	MOVWF      PCL
;__Lib_System.c,12 :: 		
L_end_____DoICP:
0x0158	0x0008      	RETURN
; end of _____DoICP
_Lcd_Chr_CP:
;__Lib_Lcd.c,50 :: 		
;__Lib_Lcd.c,52 :: 		
0x0159	0x1283      	BCF        STATUS, 5
0x015A	0x1303      	BCF        STATUS, 6
0x015B	0x106F      	BCF        __Lib_Lcd_cmd_status, BitPos(__Lib_Lcd_cmd_status+0)
;__Lib_Lcd.c,53 :: 		
0x015C	0x1683      	BSF        STATUS, 5
0x015D	0x084A      	MOVF       FARG_Lcd_Chr_CP_out_char, 0
0x015E	0x00CB      	MOVWF      FARG_Lcd_Cmd_out_char
0x015F	0x20FB      	CALL       _Lcd_Cmd
;__Lib_Lcd.c,54 :: 		
0x0160	0x146F      	BSF        __Lib_Lcd_cmd_status, BitPos(__Lib_Lcd_cmd_status+0)
;__Lib_Lcd.c,55 :: 		
L_end_Lcd_Chr_CP:
0x0161	0x0008      	RETURN
; end of _Lcd_Chr_CP
_UART1_Init:
;__Lib_UART_c67.c,2 :: 		
;__Lib_UART_c67.c,5 :: 		
0x0162	0x1683      	BSF        STATUS, 5
0x0163	0x1303      	BCF        STATUS, 6
0x0164	0x1698      	BSF        TXSTA, 5
;__Lib_UART_c67.c,6 :: 		
0x0165	0x3090      	MOVLW      144
0x0166	0x1283      	BCF        STATUS, 5
0x0167	0x0098      	MOVWF      RCSTA
;__Lib_UART_c67.c,7 :: 		
0x0168	0x1683      	BSF        STATUS, 5
0x0169	0x1787      	BSF        TRISC7_bit, 7
;__Lib_UART_c67.c,8 :: 		
0x016A	0x1307      	BCF        TRISC6_bit, 6
;__Lib_UART_c67.c,10 :: 		
L_UART1_Init0:
0x016B	0x1283      	BCF        STATUS, 5
0x016C	0x1E8C      	BTFSS      PIR1, 5
0x016D	0x2971      	GOTO       L_UART1_Init1
;__Lib_UART_c67.c,11 :: 		
0x016E	0x081A      	MOVF       RCREG, 0
0x016F	0x00F0      	MOVWF      R0
0x0170	0x296B      	GOTO       L_UART1_Init0
L_UART1_Init1:
;__Lib_UART_c67.c,12 :: 		
L_end_UART1_Init:
0x0171	0x0008      	RETURN
; end of _UART1_Init
_Lcd_Out:
;__Lib_Lcd.c,184 :: 		
;__Lib_Lcd.c,187 :: 		
0x0172	0x2984      	GOTO       L_Lcd_Out11
;__Lib_Lcd.c,188 :: 		
L_Lcd_Out13:
0x0173	0x3080      	MOVLW      128
0x0174	0x1683      	BSF        STATUS, 5
0x0175	0x1303      	BCF        STATUS, 6
0x0176	0x00C6      	MOVWF      FARG_Lcd_Out_row
0x0177	0x2997      	GOTO       L_Lcd_Out12
;__Lib_Lcd.c,189 :: 		
L_Lcd_Out14:
0x0178	0x30C0      	MOVLW      192
0x0179	0x00C6      	MOVWF      FARG_Lcd_Out_row
0x017A	0x2997      	GOTO       L_Lcd_Out12
;__Lib_Lcd.c,190 :: 		
L_Lcd_Out15:
0x017B	0x3094      	MOVLW      148
0x017C	0x00C6      	MOVWF      FARG_Lcd_Out_row
0x017D	0x2997      	GOTO       L_Lcd_Out12
;__Lib_Lcd.c,191 :: 		
L_Lcd_Out16:
0x017E	0x30D4      	MOVLW      212
0x017F	0x00C6      	MOVWF      FARG_Lcd_Out_row
0x0180	0x2997      	GOTO       L_Lcd_Out12
;__Lib_Lcd.c,192 :: 		
L_Lcd_Out17:
0x0181	0x3080      	MOVLW      128
0x0182	0x00C6      	MOVWF      FARG_Lcd_Out_row
;__Lib_Lcd.c,193 :: 		
0x0183	0x2997      	GOTO       L_Lcd_Out12
L_Lcd_Out11:
0x0184	0x1683      	BSF        STATUS, 5
0x0185	0x1303      	BCF        STATUS, 6
0x0186	0x0846      	MOVF       FARG_Lcd_Out_row, 0
0x0187	0x3A01      	XORLW      1
0x0188	0x1903      	BTFSC      STATUS, 2
0x0189	0x2973      	GOTO       L_Lcd_Out13
0x018A	0x0846      	MOVF       FARG_Lcd_Out_row, 0
0x018B	0x3A02      	XORLW      2
0x018C	0x1903      	BTFSC      STATUS, 2
0x018D	0x2978      	GOTO       L_Lcd_Out14
0x018E	0x0846      	MOVF       FARG_Lcd_Out_row, 0
0x018F	0x3A03      	XORLW      3
0x0190	0x1903      	BTFSC      STATUS, 2
0x0191	0x297B      	GOTO       L_Lcd_Out15
0x0192	0x0846      	MOVF       FARG_Lcd_Out_row, 0
0x0193	0x3A04      	XORLW      4
0x0194	0x1903      	BTFSC      STATUS, 2
0x0195	0x297E      	GOTO       L_Lcd_Out16
0x0196	0x2981      	GOTO       L_Lcd_Out17
L_Lcd_Out12:
;__Lib_Lcd.c,194 :: 		
0x0197	0x0347      	DECF       FARG_Lcd_Out_column, 0
0x0198	0x00F0      	MOVWF      R0
0x0199	0x0846      	MOVF       FARG_Lcd_Out_row, 0
0x019A	0x07F0      	ADDWF      R0, 1
0x019B	0x0870      	MOVF       R0, 0
0x019C	0x00C6      	MOVWF      FARG_Lcd_Out_row
;__Lib_Lcd.c,196 :: 		
0x019D	0x0870      	MOVF       R0, 0
0x019E	0x00CB      	MOVWF      FARG_Lcd_Cmd_out_char
0x019F	0x20FB      	CALL       _Lcd_Cmd
;__Lib_Lcd.c,197 :: 		
0x01A0	0x106F      	BCF        __Lib_Lcd_cmd_status, BitPos(__Lib_Lcd_cmd_status+0)
;__Lib_Lcd.c,198 :: 		
0x01A1	0x1683      	BSF        STATUS, 5
0x01A2	0x01C9      	CLRF       Lcd_Out_i_L0
;__Lib_Lcd.c,199 :: 		
L_Lcd_Out18:
0x01A3	0x0849      	MOVF       Lcd_Out_i_L0, 0
0x01A4	0x0748      	ADDWF      FARG_Lcd_Out_text, 0
0x01A5	0x0084      	MOVWF      FSR
0x01A6	0x0800      	MOVF       INDF, 0
0x01A7	0x1903      	BTFSC      STATUS, 2
0x01A8	0x29B2      	GOTO       L_Lcd_Out19
;__Lib_Lcd.c,200 :: 		
0x01A9	0x0849      	MOVF       Lcd_Out_i_L0, 0
0x01AA	0x0748      	ADDWF      FARG_Lcd_Out_text, 0
0x01AB	0x0084      	MOVWF      FSR
0x01AC	0x0800      	MOVF       INDF, 0
0x01AD	0x00CA      	MOVWF      FARG_Lcd_Chr_CP_out_char
0x01AE	0x2159      	CALL       _Lcd_Chr_CP
0x01AF	0x1683      	BSF        STATUS, 5
0x01B0	0x0AC9      	INCF       Lcd_Out_i_L0, 1
0x01B1	0x29A3      	GOTO       L_Lcd_Out18
L_Lcd_Out19:
;__Lib_Lcd.c,201 :: 		
0x01B2	0x1283      	BCF        STATUS, 5
0x01B3	0x146F      	BSF        __Lib_Lcd_cmd_status, BitPos(__Lib_Lcd_cmd_status+0)
;__Lib_Lcd.c,202 :: 		
L_end_Lcd_Out:
0x01B4	0x0008      	RETURN
; end of _Lcd_Out
___CC2DW:
;__Lib_System.c,134 :: 		
;__Lib_System.c,137 :: 		
_CC2D_Loop1:
;__Lib_System.c,139 :: 		
0x01B5	0x2152      	CALL       _____DoICP
0x01B6	0x118A      	BCF        PCLATH, 3
0x01B7	0x120A      	BCF        PCLATH, 4
;__Lib_System.c,141 :: 		
0x01B8	0x0080      	MOVWF      INDF
;__Lib_System.c,142 :: 		
0x01B9	0x0A84      	INCF       FSR, 1
;__Lib_System.c,143 :: 		
0x01BA	0x0AEC      	INCF       ___DoICPAddr, 1
;__Lib_System.c,145 :: 		
0x01BB	0x1903      	BTFSC      STATUS, 2
;__Lib_System.c,146 :: 		
0x01BC	0x0AED      	INCF       ___DoICPAddr+1, 1
;__Lib_System.c,147 :: 		
0x01BD	0x03F0      	DECF       R0, 1
;__Lib_System.c,149 :: 		
0x01BE	0x1D03      	BTFSS      STATUS, 2
;__Lib_System.c,150 :: 		
0x01BF	0x29B5      	GOTO       _CC2D_Loop1
;__Lib_System.c,152 :: 		
L_end___CC2DW:
0x01C0	0x0008      	RETURN
; end of ___CC2DW
_Lcd_Init:
;__Lib_Lcd.c,84 :: 		
;__Lib_Lcd.c,86 :: 		
0x01C1	0x1683      	BSF        STATUS, 5
0x01C2	0x1303      	BCF        STATUS, 6
0x01C3	0x1186      	BCF        LCD_EN_Direction, BitPos(LCD_EN_Direction+0)
;__Lib_Lcd.c,87 :: 		
0x01C4	0x1106      	BCF        LCD_RS_Direction, BitPos(LCD_RS_Direction+0)
;__Lib_Lcd.c,88 :: 		
0x01C5	0x1206      	BCF        LCD_D4_Direction, BitPos(LCD_D4_Direction+0)
;__Lib_Lcd.c,89 :: 		
0x01C6	0x1286      	BCF        LCD_D5_Direction, BitPos(LCD_D5_Direction+0)
;__Lib_Lcd.c,90 :: 		
0x01C7	0x1306      	BCF        LCD_D6_Direction, BitPos(LCD_D6_Direction+0)
;__Lib_Lcd.c,91 :: 		
0x01C8	0x1386      	BCF        LCD_D7_Direction, BitPos(LCD_D7_Direction+0)
;__Lib_Lcd.c,93 :: 		
0x01C9	0x1283      	BCF        STATUS, 5
0x01CA	0x1186      	BCF        LCD_EN, BitPos(LCD_EN+0)
;__Lib_Lcd.c,94 :: 		
0x01CB	0x1106      	BCF        LCD_RS, BitPos(LCD_RS+0)
;__Lib_Lcd.c,95 :: 		
0x01CC	0x1386      	BCF        LCD_D7, BitPos(LCD_D7+0)
;__Lib_Lcd.c,96 :: 		
0x01CD	0x1306      	BCF        LCD_D6, BitPos(LCD_D6+0)
;__Lib_Lcd.c,97 :: 		
0x01CE	0x1286      	BCF        LCD_D5, BitPos(LCD_D5+0)
;__Lib_Lcd.c,98 :: 		
0x01CF	0x1206      	BCF        LCD_D4, BitPos(LCD_D4+0)
;__Lib_Lcd.c,100 :: 		
0x01D0	0x20EB      	CALL       _Delay_5500us
;__Lib_Lcd.c,101 :: 		
0x01D1	0x20EB      	CALL       _Delay_5500us
;__Lib_Lcd.c,102 :: 		
0x01D2	0x20EB      	CALL       _Delay_5500us
;__Lib_Lcd.c,105 :: 		
0x01D3	0x1686      	BSF        LCD_D5, BitPos(LCD_D5+0)
;__Lib_Lcd.c,106 :: 		
0x01D4	0x1606      	BSF        LCD_D4, BitPos(LCD_D4+0)
;__Lib_Lcd.c,107 :: 		
0x01D5	0x1586      	BSF        LCD_EN, BitPos(LCD_EN+0)
;__Lib_Lcd.c,108 :: 		
0x01D6	0x20F8      	CALL       _Delay_1us
;__Lib_Lcd.c,109 :: 		
0x01D7	0x1186      	BCF        LCD_EN, BitPos(LCD_EN+0)
;__Lib_Lcd.c,110 :: 		
0x01D8	0x20EB      	CALL       _Delay_5500us
;__Lib_Lcd.c,112 :: 		
0x01D9	0x1586      	BSF        LCD_EN, BitPos(LCD_EN+0)
;__Lib_Lcd.c,113 :: 		
0x01DA	0x20F8      	CALL       _Delay_1us
;__Lib_Lcd.c,114 :: 		
0x01DB	0x1186      	BCF        LCD_EN, BitPos(LCD_EN+0)
;__Lib_Lcd.c,115 :: 		
0x01DC	0x20EB      	CALL       _Delay_5500us
;__Lib_Lcd.c,117 :: 		
0x01DD	0x1586      	BSF        LCD_EN, BitPos(LCD_EN+0)
;__Lib_Lcd.c,118 :: 		
0x01DE	0x20F8      	CALL       _Delay_1us
;__Lib_Lcd.c,119 :: 		
0x01DF	0x1186      	BCF        LCD_EN, BitPos(LCD_EN+0)
;__Lib_Lcd.c,120 :: 		
0x01E0	0x20EB      	CALL       _Delay_5500us
;__Lib_Lcd.c,123 :: 		
0x01E1	0x1206      	BCF        LCD_D4, BitPos(LCD_D4+0)
;__Lib_Lcd.c,124 :: 		
0x01E2	0x1586      	BSF        LCD_EN, BitPos(LCD_EN+0)
;__Lib_Lcd.c,125 :: 		
0x01E3	0x20F8      	CALL       _Delay_1us
;__Lib_Lcd.c,126 :: 		
0x01E4	0x1186      	BCF        LCD_EN, BitPos(LCD_EN+0)
;__Lib_Lcd.c,127 :: 		
0x01E5	0x20EB      	CALL       _Delay_5500us
;__Lib_Lcd.c,130 :: 		
0x01E6	0x1586      	BSF        LCD_EN, BitPos(LCD_EN+0)
;__Lib_Lcd.c,131 :: 		
0x01E7	0x20F8      	CALL       _Delay_1us
;__Lib_Lcd.c,132 :: 		
0x01E8	0x1186      	BCF        LCD_EN, BitPos(LCD_EN+0)
;__Lib_Lcd.c,134 :: 		
0x01E9	0x1286      	BCF        LCD_D5, BitPos(LCD_D5+0)
;__Lib_Lcd.c,135 :: 		
0x01EA	0x1786      	BSF        LCD_D7, BitPos(LCD_D7+0)
;__Lib_Lcd.c,136 :: 		
0x01EB	0x1586      	BSF        LCD_EN, BitPos(LCD_EN+0)
;__Lib_Lcd.c,137 :: 		
0x01EC	0x20F8      	CALL       _Delay_1us
;__Lib_Lcd.c,138 :: 		
0x01ED	0x1186      	BCF        LCD_EN, BitPos(LCD_EN+0)
;__Lib_Lcd.c,139 :: 		
0x01EE	0x20EB      	CALL       _Delay_5500us
;__Lib_Lcd.c,142 :: 		
0x01EF	0x1386      	BCF        LCD_D7, BitPos(LCD_D7+0)
;__Lib_Lcd.c,143 :: 		
0x01F0	0x1606      	BSF        LCD_D4, BitPos(LCD_D4+0)
;__Lib_Lcd.c,144 :: 		
0x01F1	0x1586      	BSF        LCD_EN, BitPos(LCD_EN+0)
;__Lib_Lcd.c,145 :: 		
0x01F2	0x20F8      	CALL       _Delay_1us
;__Lib_Lcd.c,146 :: 		
0x01F3	0x1186      	BCF        LCD_EN, BitPos(LCD_EN+0)
;__Lib_Lcd.c,148 :: 		
0x01F4	0x1206      	BCF        LCD_D4, BitPos(LCD_D4+0)
;__Lib_Lcd.c,149 :: 		
0x01F5	0x1586      	BSF        LCD_EN, BitPos(LCD_EN+0)
;__Lib_Lcd.c,150 :: 		
0x01F6	0x20F8      	CALL       _Delay_1us
;__Lib_Lcd.c,151 :: 		
0x01F7	0x1186      	BCF        LCD_EN, BitPos(LCD_EN+0)
;__Lib_Lcd.c,152 :: 		
0x01F8	0x20EB      	CALL       _Delay_5500us
;__Lib_Lcd.c,155 :: 		
0x01F9	0x1586      	BSF        LCD_EN, BitPos(LCD_EN+0)
;__Lib_Lcd.c,156 :: 		
0x01FA	0x20F8      	CALL       _Delay_1us
;__Lib_Lcd.c,157 :: 		
0x01FB	0x1186      	BCF        LCD_EN, BitPos(LCD_EN+0)
;__Lib_Lcd.c,159 :: 		
0x01FC	0x1606      	BSF        LCD_D4, BitPos(LCD_D4+0)
;__Lib_Lcd.c,160 :: 		
0x01FD	0x1586      	BSF        LCD_EN, BitPos(LCD_EN+0)
;__Lib_Lcd.c,161 :: 		
0x01FE	0x20F8      	CALL       _Delay_1us
;__Lib_Lcd.c,162 :: 		
0x01FF	0x1186      	BCF        LCD_EN, BitPos(LCD_EN+0)
;__Lib_Lcd.c,163 :: 		
0x0200	0x20EB      	CALL       _Delay_5500us
;__Lib_Lcd.c,166 :: 		
0x0201	0x1206      	BCF        LCD_D4, BitPos(LCD_D4+0)
;__Lib_Lcd.c,167 :: 		
0x0202	0x1586      	BSF        LCD_EN, BitPos(LCD_EN+0)
;__Lib_Lcd.c,168 :: 		
0x0203	0x20F8      	CALL       _Delay_1us
;__Lib_Lcd.c,169 :: 		
0x0204	0x1186      	BCF        LCD_EN, BitPos(LCD_EN+0)
;__Lib_Lcd.c,171 :: 		
0x0205	0x1786      	BSF        LCD_D7, BitPos(LCD_D7+0)
;__Lib_Lcd.c,172 :: 		
0x0206	0x1706      	BSF        LCD_D6, BitPos(LCD_D6+0)
;__Lib_Lcd.c,173 :: 		
0x0207	0x1686      	BSF        LCD_D5, BitPos(LCD_D5+0)
;__Lib_Lcd.c,174 :: 		
0x0208	0x1606      	BSF        LCD_D4, BitPos(LCD_D4+0)
;__Lib_Lcd.c,175 :: 		
0x0209	0x1586      	BSF        LCD_EN, BitPos(LCD_EN+0)
;__Lib_Lcd.c,176 :: 		
0x020A	0x20F8      	CALL       _Delay_1us
;__Lib_Lcd.c,177 :: 		
0x020B	0x1186      	BCF        LCD_EN, BitPos(LCD_EN+0)
;__Lib_Lcd.c,179 :: 		
0x020C	0x20EB      	CALL       _Delay_5500us
;__Lib_Lcd.c,181 :: 		
0x020D	0x146F      	BSF        __Lib_Lcd_cmd_status, BitPos(__Lib_Lcd_cmd_status+0)
;__Lib_Lcd.c,182 :: 		
L_end_Lcd_Init:
0x020E	0x0008      	RETURN
; end of _Lcd_Init
_UART1_Data_Ready:
;__Lib_UART_c67.c,16 :: 		
;__Lib_UART_c67.c,17 :: 		
0x020F	0x3000      	MOVLW      0
0x0210	0x1283      	BCF        STATUS, 5
0x0211	0x1303      	BCF        STATUS, 6
0x0212	0x1A8C      	BTFSC      PIR1, 5
0x0213	0x3001      	MOVLW      1
0x0214	0x00F0      	MOVWF      R0
;__Lib_UART_c67.c,18 :: 		
L_end_UART1_Data_Ready:
0x0215	0x0008      	RETURN
; end of _UART1_Data_Ready
_UART1_Read:
;__Lib_UART_c67.c,21 :: 		
;__Lib_UART_c67.c,24 :: 		
0x0216	0x1283      	BCF        STATUS, 5
0x0217	0x1303      	BCF        STATUS, 6
0x0218	0x081A      	MOVF       RCREG, 0
0x0219	0x00F1      	MOVWF      R1
;__Lib_UART_c67.c,25 :: 		
0x021A	0x1C98      	BTFSS      RCSTA, 1
0x021B	0x2A1E      	GOTO       L_UART1_Read2
;__Lib_UART_c67.c,26 :: 		
0x021C	0x1218      	BCF        RCSTA, 4
;__Lib_UART_c67.c,27 :: 		
0x021D	0x1618      	BSF        RCSTA, 4
;__Lib_UART_c67.c,28 :: 		
L_UART1_Read2:
;__Lib_UART_c67.c,29 :: 		
0x021E	0x0871      	MOVF       R1, 0
0x021F	0x00F0      	MOVWF      R0
;__Lib_UART_c67.c,30 :: 		
L_end_UART1_Read:
0x0220	0x0008      	RETURN
; end of _UART1_Read
_strncmp:
;__Lib_CString.c,223 :: 		
;__Lib_CString.c,225 :: 		
L_strncmp58:
0x0221	0x1683      	BSF        STATUS, 5
0x0222	0x1303      	BCF        STATUS, 6
0x0223	0x0866      	MOVF       FARG_strncmp_len, 0
0x0224	0x00F0      	MOVWF      R0
0x0225	0x03E6      	DECF       FARG_strncmp_len, 1
0x0226	0x0870      	MOVF       R0, 0
0x0227	0x1903      	BTFSC      STATUS, 2
0x0228	0x2A49      	GOTO       L_strncmp59
;__Lib_CString.c,226 :: 		
0x0229	0x0864      	MOVF       FARG_strncmp_s1, 0
0x022A	0x0084      	MOVWF      FSR
0x022B	0x0800      	MOVF       INDF, 0
0x022C	0x3A00      	XORLW      0
0x022D	0x1903      	BTFSC      STATUS, 2
0x022E	0x2A3A      	GOTO       L__strncmp85
0x022F	0x0865      	MOVF       FARG_strncmp_s2, 0
0x0230	0x0084      	MOVWF      FSR
0x0231	0x0800      	MOVF       INDF, 0
0x0232	0x00F1      	MOVWF      R1
0x0233	0x0864      	MOVF       FARG_strncmp_s1, 0
0x0234	0x0084      	MOVWF      FSR
0x0235	0x0800      	MOVF       INDF, 0
0x0236	0x0671      	XORWF      R1, 0
0x0237	0x1D03      	BTFSS      STATUS, 2
0x0238	0x2A3A      	GOTO       L__strncmp85
0x0239	0x2A46      	GOTO       L_strncmp62
L__strncmp85:
;__Lib_CString.c,227 :: 		
0x023A	0x0864      	MOVF       FARG_strncmp_s1, 0
0x023B	0x0084      	MOVWF      FSR
0x023C	0x0800      	MOVF       INDF, 0
0x023D	0x00F0      	MOVWF      R0
0x023E	0x0865      	MOVF       FARG_strncmp_s2, 0
0x023F	0x0084      	MOVWF      FSR
0x0240	0x0800      	MOVF       INDF, 0
0x0241	0x02F0      	SUBWF      R0, 1
0x0242	0x01F1      	CLRF       R0+1
0x0243	0x1C03      	BTFSS      STATUS, 0
0x0244	0x03F1      	DECF       R0+1, 1
0x0245	0x2A4B      	GOTO       L_end_strncmp
L_strncmp62:
;__Lib_CString.c,228 :: 		
0x0246	0x0AE4      	INCF       FARG_strncmp_s1, 1
;__Lib_CString.c,229 :: 		
0x0247	0x0AE5      	INCF       FARG_strncmp_s2, 1
;__Lib_CString.c,230 :: 		
0x0248	0x2A21      	GOTO       L_strncmp58
L_strncmp59:
;__Lib_CString.c,231 :: 		
0x0249	0x01F0      	CLRF       R0
0x024A	0x01F1      	CLRF       R0+1
;__Lib_CString.c,232 :: 		
L_end_strncmp:
0x024B	0x0008      	RETURN
; end of _strncmp
_main:
0x024C	0x23AE      	CALL       942
;home_automation.c,78 :: 		void main() {
;home_automation.c,79 :: 		TrisD = 0x00;
0x024D	0x1683      	BSF        STATUS, 5
0x024E	0x1303      	BCF        STATUS, 6
0x024F	0x0188      	CLRF       TRISD
;home_automation.c,80 :: 		PortD = 0x00;
0x0250	0x1283      	BCF        STATUS, 5
0x0251	0x0188      	CLRF       PORTD
;home_automation.c,81 :: 		TRISA=1;
0x0252	0x3001      	MOVLW      1
0x0253	0x1683      	BSF        STATUS, 5
0x0254	0x0085      	MOVWF      TRISA
;home_automation.c,82 :: 		PORTA=0;
0x0255	0x1283      	BCF        STATUS, 5
0x0256	0x0185      	CLRF       PORTA
;home_automation.c,83 :: 		INTCON = 0xC0;
0x0257	0x30C0      	MOVLW      192
0x0258	0x008B      	MOVWF      INTCON
;home_automation.c,84 :: 		RCIE_bit=1;
0x0259	0x1683      	BSF        STATUS, 5
0x025A	0x168C      	BSF        RCIE_bit, 5
;home_automation.c,85 :: 		CMCON=7;
0x025B	0x3007      	MOVLW      7
0x025C	0x009C      	MOVWF      CMCON
;home_automation.c,86 :: 		ADCON1=7;
0x025D	0x3007      	MOVLW      7
0x025E	0x009F      	MOVWF      ADCON1
;home_automation.c,87 :: 		Lcd_Init();                        // Initialize LCD
0x025F	0x21C1      	CALL       _Lcd_Init
;home_automation.c,89 :: 		Lcd_Cmd(_LCD_CLEAR);               // Clear display
0x0260	0x3001      	MOVLW      1
0x0261	0x1683      	BSF        STATUS, 5
0x0262	0x00CB      	MOVWF      FARG_Lcd_Cmd_out_char
0x0263	0x20FB      	CALL       _Lcd_Cmd
;home_automation.c,90 :: 		Lcd_Cmd(_LCD_CURSOR_OFF);          // Cursor off
0x0264	0x300C      	MOVLW      12
0x0265	0x1683      	BSF        STATUS, 5
0x0266	0x00CB      	MOVWF      FARG_Lcd_Cmd_out_char
0x0267	0x20FB      	CALL       _Lcd_Cmd
;home_automation.c,94 :: 		uart1_init(9600);
0x0268	0x3033      	MOVLW      51
0x0269	0x1683      	BSF        STATUS, 5
0x026A	0x0099      	MOVWF      SPBRG
0x026B	0x1518      	BSF        TXSTA, 2
0x026C	0x2162      	CALL       _UART1_Init
;home_automation.c,95 :: 		delay_ms(1000);
0x026D	0x300B      	MOVLW      11
0x026E	0x00FB      	MOVWF      R11
0x026F	0x3026      	MOVLW      38
0x0270	0x00FC      	MOVWF      R12
0x0271	0x305D      	MOVLW      93
0x0272	0x00FD      	MOVWF      R13
L_main25:
0x0273	0x0BFD      	DECFSZ     R13, 1
0x0274	0x2A73      	GOTO       L_main25
0x0275	0x0BFC      	DECFSZ     R12, 1
0x0276	0x2A73      	GOTO       L_main25
0x0277	0x0BFB      	DECFSZ     R11, 1
0x0278	0x2A73      	GOTO       L_main25
0x0279	0x0000      	NOP
0x027A	0x0000      	NOP
;home_automation.c,97 :: 		main:
___main_main:
;home_automation.c,98 :: 		LCD_OUT(1,2,"HOME AUTOMATION") ;
0x027B	0x3001      	MOVLW      1
0x027C	0x1683      	BSF        STATUS, 5
0x027D	0x00C6      	MOVWF      FARG_Lcd_Out_row
0x027E	0x3002      	MOVLW      2
0x027F	0x00C7      	MOVWF      FARG_Lcd_Out_column
0x0280	0x3024      	MOVLW      ?lstr7_home_automation
0x0281	0x00C8      	MOVWF      FARG_Lcd_Out_text
0x0282	0x2172      	CALL       _Lcd_Out
;home_automation.c,100 :: 		do{
L_main26:
;home_automation.c,102 :: 		if (sensa==1) {
0x0283	0x1C05      	BTFSS      RA0_bit, 0
0x0284	0x2AA5      	GOTO       L_main29
;home_automation.c,103 :: 		baza=1;
0x0285	0x1588      	BSF        RD3_bit, 3
;home_automation.c,105 :: 		Lcd_Cmd(_LCD_CLEAR);
0x0286	0x3001      	MOVLW      1
0x0287	0x1683      	BSF        STATUS, 5
0x0288	0x00CB      	MOVWF      FARG_Lcd_Cmd_out_char
0x0289	0x20FB      	CALL       _Lcd_Cmd
;home_automation.c,106 :: 		LCD_OUT(1,1,"Intruder!");
0x028A	0x3001      	MOVLW      1
0x028B	0x1683      	BSF        STATUS, 5
0x028C	0x00C6      	MOVWF      FARG_Lcd_Out_row
0x028D	0x3001      	MOVLW      1
0x028E	0x00C7      	MOVWF      FARG_Lcd_Out_column
0x028F	0x3034      	MOVLW      ?lstr8_home_automation
0x0290	0x00C8      	MOVWF      FARG_Lcd_Out_text
0x0291	0x2172      	CALL       _Lcd_Out
;home_automation.c,107 :: 		delay_ms(2000);
0x0292	0x3015      	MOVLW      21
0x0293	0x00FB      	MOVWF      R11
0x0294	0x304B      	MOVLW      75
0x0295	0x00FC      	MOVWF      R12
0x0296	0x30BE      	MOVLW      190
0x0297	0x00FD      	MOVWF      R13
L_main30:
0x0298	0x0BFD      	DECFSZ     R13, 1
0x0299	0x2A98      	GOTO       L_main30
0x029A	0x0BFC      	DECFSZ     R12, 1
0x029B	0x2A98      	GOTO       L_main30
0x029C	0x0BFB      	DECFSZ     R11, 1
0x029D	0x2A98      	GOTO       L_main30
0x029E	0x0000      	NOP
;home_automation.c,108 :: 		baza=0;
0x029F	0x1188      	BCF        RD3_bit, 3
;home_automation.c,109 :: 		Lcd_Cmd(_LCD_CLEAR);
0x02A0	0x3001      	MOVLW      1
0x02A1	0x1683      	BSF        STATUS, 5
0x02A2	0x00CB      	MOVWF      FARG_Lcd_Cmd_out_char
0x02A3	0x20FB      	CALL       _Lcd_Cmd
;home_automation.c,110 :: 		goto main;
0x02A4	0x2A7B      	GOTO       ___main_main
;home_automation.c,111 :: 		}
L_main29:
;home_automation.c,113 :: 		}while(kifaa_status==0);// do
0x02A5	0x086B      	MOVF       _kifaa_status, 0
0x02A6	0x3A00      	XORLW      0
0x02A7	0x1903      	BTFSC      STATUS, 2
0x02A8	0x2A83      	GOTO       L_main26
;home_automation.c,126 :: 		if(kifaa_status==2){
0x02A9	0x086B      	MOVF       _kifaa_status, 0
0x02AA	0x3A02      	XORLW      2
0x02AB	0x1D03      	BTFSS      STATUS, 2
0x02AC	0x2ACD      	GOTO       L_main31
;home_automation.c,127 :: 		taa=1;
0x02AD	0x1488      	BSF        RD1_bit, 1
;home_automation.c,128 :: 		Lcd_Cmd(_LCD_CLEAR);
0x02AE	0x3001      	MOVLW      1
0x02AF	0x1683      	BSF        STATUS, 5
0x02B0	0x00CB      	MOVWF      FARG_Lcd_Cmd_out_char
0x02B1	0x20FB      	CALL       _Lcd_Cmd
;home_automation.c,129 :: 		LCD_OUT(1,1,"TAA IS ON");
0x02B2	0x3001      	MOVLW      1
0x02B3	0x1683      	BSF        STATUS, 5
0x02B4	0x00C6      	MOVWF      FARG_Lcd_Out_row
0x02B5	0x3001      	MOVLW      1
0x02B6	0x00C7      	MOVWF      FARG_Lcd_Out_column
0x02B7	0x303E      	MOVLW      ?lstr9_home_automation
0x02B8	0x00C8      	MOVWF      FARG_Lcd_Out_text
0x02B9	0x2172      	CALL       _Lcd_Out
;home_automation.c,130 :: 		DELAY_MS(3000);
0x02BA	0x301F      	MOVLW      31
0x02BB	0x00FB      	MOVWF      R11
0x02BC	0x3071      	MOVLW      113
0x02BD	0x00FC      	MOVWF      R12
0x02BE	0x301E      	MOVLW      30
0x02BF	0x00FD      	MOVWF      R13
L_main32:
0x02C0	0x0BFD      	DECFSZ     R13, 1
0x02C1	0x2AC0      	GOTO       L_main32
0x02C2	0x0BFC      	DECFSZ     R12, 1
0x02C3	0x2AC0      	GOTO       L_main32
0x02C4	0x0BFB      	DECFSZ     R11, 1
0x02C5	0x2AC0      	GOTO       L_main32
0x02C6	0x0000      	NOP
;home_automation.c,131 :: 		Lcd_Cmd(_LCD_CLEAR);
0x02C7	0x3001      	MOVLW      1
0x02C8	0x1683      	BSF        STATUS, 5
0x02C9	0x00CB      	MOVWF      FARG_Lcd_Cmd_out_char
0x02CA	0x20FB      	CALL       _Lcd_Cmd
;home_automation.c,132 :: 		kifaa_status=0;
0x02CB	0x01EB      	CLRF       _kifaa_status
;home_automation.c,134 :: 		goto main;
0x02CC	0x2A7B      	GOTO       ___main_main
;home_automation.c,135 :: 		}
L_main31:
;home_automation.c,137 :: 		else if(kifaa_status==3){
0x02CD	0x086B      	MOVF       _kifaa_status, 0
0x02CE	0x3A03      	XORLW      3
0x02CF	0x1D03      	BTFSS      STATUS, 2
0x02D0	0x2AF2      	GOTO       L_main34
;home_automation.c,138 :: 		tv=1;
0x02D1	0x1508      	BSF        RD2_bit, 2
;home_automation.c,139 :: 		fan=1;
0x02D2	0x1408      	BSF        RD0_bit, 0
;home_automation.c,140 :: 		Lcd_Cmd(_LCD_CLEAR);
0x02D3	0x3001      	MOVLW      1
0x02D4	0x1683      	BSF        STATUS, 5
0x02D5	0x00CB      	MOVWF      FARG_Lcd_Cmd_out_char
0x02D6	0x20FB      	CALL       _Lcd_Cmd
;home_automation.c,141 :: 		LCD_OUT(1,1,"TV & FAN ON");
0x02D7	0x3001      	MOVLW      1
0x02D8	0x1683      	BSF        STATUS, 5
0x02D9	0x00C6      	MOVWF      FARG_Lcd_Out_row
0x02DA	0x3001      	MOVLW      1
0x02DB	0x00C7      	MOVWF      FARG_Lcd_Out_column
0x02DC	0x30A0      	MOVLW      ?lstr10_home_automation
0x02DD	0x00C8      	MOVWF      FARG_Lcd_Out_text
0x02DE	0x2172      	CALL       _Lcd_Out
;home_automation.c,142 :: 		DELAY_MS(3000);
0x02DF	0x301F      	MOVLW      31
0x02E0	0x00FB      	MOVWF      R11
0x02E1	0x3071      	MOVLW      113
0x02E2	0x00FC      	MOVWF      R12
0x02E3	0x301E      	MOVLW      30
0x02E4	0x00FD      	MOVWF      R13
L_main35:
0x02E5	0x0BFD      	DECFSZ     R13, 1
0x02E6	0x2AE5      	GOTO       L_main35
0x02E7	0x0BFC      	DECFSZ     R12, 1
0x02E8	0x2AE5      	GOTO       L_main35
0x02E9	0x0BFB      	DECFSZ     R11, 1
0x02EA	0x2AE5      	GOTO       L_main35
0x02EB	0x0000      	NOP
;home_automation.c,143 :: 		Lcd_Cmd(_LCD_CLEAR);
0x02EC	0x3001      	MOVLW      1
0x02ED	0x1683      	BSF        STATUS, 5
0x02EE	0x00CB      	MOVWF      FARG_Lcd_Cmd_out_char
0x02EF	0x20FB      	CALL       _Lcd_Cmd
;home_automation.c,144 :: 		kifaa_status=0;
0x02F0	0x01EB      	CLRF       _kifaa_status
;home_automation.c,145 :: 		goto main;
0x02F1	0x2A7B      	GOTO       ___main_main
;home_automation.c,146 :: 		}
L_main34:
;home_automation.c,149 :: 		else if(kifaa_status==5){
0x02F2	0x086B      	MOVF       _kifaa_status, 0
0x02F3	0x3A05      	XORLW      5
0x02F4	0x1D03      	BTFSS      STATUS, 2
0x02F5	0x2B16      	GOTO       L_main37
;home_automation.c,150 :: 		taa=0;
0x02F6	0x1088      	BCF        RD1_bit, 1
;home_automation.c,151 :: 		Lcd_Cmd(_LCD_CLEAR);
0x02F7	0x3001      	MOVLW      1
0x02F8	0x1683      	BSF        STATUS, 5
0x02F9	0x00CB      	MOVWF      FARG_Lcd_Cmd_out_char
0x02FA	0x20FB      	CALL       _Lcd_Cmd
;home_automation.c,152 :: 		LCD_OUT(1,1,"TAA IS OFF");
0x02FB	0x3001      	MOVLW      1
0x02FC	0x1683      	BSF        STATUS, 5
0x02FD	0x00C6      	MOVWF      FARG_Lcd_Out_row
0x02FE	0x3001      	MOVLW      1
0x02FF	0x00C7      	MOVWF      FARG_Lcd_Out_column
0x0300	0x30B9      	MOVLW      ?lstr11_home_automation
0x0301	0x00C8      	MOVWF      FARG_Lcd_Out_text
0x0302	0x2172      	CALL       _Lcd_Out
;home_automation.c,153 :: 		DELAY_MS(3000);
0x0303	0x301F      	MOVLW      31
0x0304	0x00FB      	MOVWF      R11
0x0305	0x3071      	MOVLW      113
0x0306	0x00FC      	MOVWF      R12
0x0307	0x301E      	MOVLW      30
0x0308	0x00FD      	MOVWF      R13
L_main38:
0x0309	0x0BFD      	DECFSZ     R13, 1
0x030A	0x2B09      	GOTO       L_main38
0x030B	0x0BFC      	DECFSZ     R12, 1
0x030C	0x2B09      	GOTO       L_main38
0x030D	0x0BFB      	DECFSZ     R11, 1
0x030E	0x2B09      	GOTO       L_main38
0x030F	0x0000      	NOP
;home_automation.c,154 :: 		Lcd_Cmd(_LCD_CLEAR);
0x0310	0x3001      	MOVLW      1
0x0311	0x1683      	BSF        STATUS, 5
0x0312	0x00CB      	MOVWF      FARG_Lcd_Cmd_out_char
0x0313	0x20FB      	CALL       _Lcd_Cmd
;home_automation.c,155 :: 		kifaa_status=0;
0x0314	0x01EB      	CLRF       _kifaa_status
;home_automation.c,156 :: 		goto main;
0x0315	0x2A7B      	GOTO       ___main_main
;home_automation.c,157 :: 		}
L_main37:
;home_automation.c,159 :: 		else if(kifaa_status==6){
0x0316	0x086B      	MOVF       _kifaa_status, 0
0x0317	0x3A06      	XORLW      6
0x0318	0x1D03      	BTFSS      STATUS, 2
0x0319	0x2B3B      	GOTO       L_main40
;home_automation.c,160 :: 		tv=0;
0x031A	0x1108      	BCF        RD2_bit, 2
;home_automation.c,161 :: 		fan=0;
0x031B	0x1008      	BCF        RD0_bit, 0
;home_automation.c,162 :: 		Lcd_Cmd(_LCD_CLEAR);
0x031C	0x3001      	MOVLW      1
0x031D	0x1683      	BSF        STATUS, 5
0x031E	0x00CB      	MOVWF      FARG_Lcd_Cmd_out_char
0x031F	0x20FB      	CALL       _Lcd_Cmd
;home_automation.c,163 :: 		LCD_OUT(1,1,"TV & FAN OFF");
0x0320	0x3001      	MOVLW      1
0x0321	0x1683      	BSF        STATUS, 5
0x0322	0x00C6      	MOVWF      FARG_Lcd_Out_row
0x0323	0x3001      	MOVLW      1
0x0324	0x00C7      	MOVWF      FARG_Lcd_Out_column
0x0325	0x30AC      	MOVLW      ?lstr12_home_automation
0x0326	0x00C8      	MOVWF      FARG_Lcd_Out_text
0x0327	0x2172      	CALL       _Lcd_Out
;home_automation.c,164 :: 		DELAY_MS(3000);
0x0328	0x301F      	MOVLW      31
0x0329	0x00FB      	MOVWF      R11
0x032A	0x3071      	MOVLW      113
0x032B	0x00FC      	MOVWF      R12
0x032C	0x301E      	MOVLW      30
0x032D	0x00FD      	MOVWF      R13
L_main41:
0x032E	0x0BFD      	DECFSZ     R13, 1
0x032F	0x2B2E      	GOTO       L_main41
0x0330	0x0BFC      	DECFSZ     R12, 1
0x0331	0x2B2E      	GOTO       L_main41
0x0332	0x0BFB      	DECFSZ     R11, 1
0x0333	0x2B2E      	GOTO       L_main41
0x0334	0x0000      	NOP
;home_automation.c,165 :: 		Lcd_Cmd(_LCD_CLEAR);
0x0335	0x3001      	MOVLW      1
0x0336	0x1683      	BSF        STATUS, 5
0x0337	0x00CB      	MOVWF      FARG_Lcd_Cmd_out_char
0x0338	0x20FB      	CALL       _Lcd_Cmd
;home_automation.c,166 :: 		kifaa_status=0;
0x0339	0x01EB      	CLRF       _kifaa_status
;home_automation.c,167 :: 		goto main;
0x033A	0x2A7B      	GOTO       ___main_main
;home_automation.c,168 :: 		}
L_main40:
;home_automation.c,171 :: 		kifaa_status=0;
0x033B	0x01EB      	CLRF       _kifaa_status
;home_automation.c,172 :: 		goto main;}
0x033C	0x2A7B      	GOTO       ___main_main
;home_automation.c,173 :: 		} //main
L_end_main:
0x033D	0x2B3D      	GOTO       $+0
; end of _main
0x03AE	0x3024      	MOVLW      36
0x03AF	0x0084      	MOVWF      FSR
0x03B0	0x3047      	MOVLW      71
0x03B1	0x1283      	BCF        STATUS, 5
0x03B2	0x1303      	BCF        STATUS, 6
0x03B3	0x00F0      	MOVWF      R0
0x03B4	0x3043      	MOVLW      67
0x03B5	0x00EC      	MOVWF      ___DoICPAddr
0x03B6	0x3003      	MOVLW      3
0x03B7	0x00ED      	MOVWF      109
0x03B8	0x21B5      	CALL       437
0x03B9	0x30A0      	MOVLW      160
0x03BA	0x0084      	MOVWF      FSR
0x03BB	0x3024      	MOVLW      36
0x03BC	0x1283      	BCF        STATUS, 5
0x03BD	0x00F0      	MOVWF      R0
0x03BE	0x308A      	MOVLW      138
0x03BF	0x00EC      	MOVWF      ___DoICPAddr
0x03C0	0x3003      	MOVLW      3
0x03C1	0x00ED      	MOVWF      109
0x03C2	0x21B5      	CALL       437
0x03C3	0x0008      	RETURN
;home_automation.c,0 :: ?ICS?lstr7_home_automation
0x0343	0x3448 ;?ICS?lstr7_home_automation+0
0x0344	0x344F ;?ICS?lstr7_home_automation+1
0x0345	0x344D ;?ICS?lstr7_home_automation+2
0x0346	0x3445 ;?ICS?lstr7_home_automation+3
0x0347	0x3420 ;?ICS?lstr7_home_automation+4
0x0348	0x3441 ;?ICS?lstr7_home_automation+5
0x0349	0x3455 ;?ICS?lstr7_home_automation+6
0x034A	0x3454 ;?ICS?lstr7_home_automation+7
0x034B	0x344F ;?ICS?lstr7_home_automation+8
0x034C	0x344D ;?ICS?lstr7_home_automation+9
0x034D	0x3441 ;?ICS?lstr7_home_automation+10
0x034E	0x3454 ;?ICS?lstr7_home_automation+11
0x034F	0x3449 ;?ICS?lstr7_home_automation+12
0x0350	0x344F ;?ICS?lstr7_home_automation+13
0x0351	0x344E ;?ICS?lstr7_home_automation+14
0x0352	0x3400 ;?ICS?lstr7_home_automation+15
; end of ?ICS?lstr7_home_automation
;home_automation.c,0 :: ?ICS?lstr8_home_automation
0x0353	0x3449 ;?ICS?lstr8_home_automation+0
0x0354	0x346E ;?ICS?lstr8_home_automation+1
0x0355	0x3474 ;?ICS?lstr8_home_automation+2
0x0356	0x3472 ;?ICS?lstr8_home_automation+3
0x0357	0x3475 ;?ICS?lstr8_home_automation+4
0x0358	0x3464 ;?ICS?lstr8_home_automation+5
0x0359	0x3465 ;?ICS?lstr8_home_automation+6
0x035A	0x3472 ;?ICS?lstr8_home_automation+7
0x035B	0x3421 ;?ICS?lstr8_home_automation+8
0x035C	0x3400 ;?ICS?lstr8_home_automation+9
; end of ?ICS?lstr8_home_automation
;home_automation.c,0 :: ?ICS?lstr9_home_automation
0x035D	0x3454 ;?ICS?lstr9_home_automation+0
0x035E	0x3441 ;?ICS?lstr9_home_automation+1
0x035F	0x3441 ;?ICS?lstr9_home_automation+2
0x0360	0x3420 ;?ICS?lstr9_home_automation+3
0x0361	0x3449 ;?ICS?lstr9_home_automation+4
0x0362	0x3453 ;?ICS?lstr9_home_automation+5
0x0363	0x3420 ;?ICS?lstr9_home_automation+6
0x0364	0x344F ;?ICS?lstr9_home_automation+7
0x0365	0x344E ;?ICS?lstr9_home_automation+8
0x0366	0x3400 ;?ICS?lstr9_home_automation+9
; end of ?ICS?lstr9_home_automation
;home_automation.c,0 :: ?ICS?lstr3_home_automation
0x0367	0x3454 ;?ICS?lstr3_home_automation+0
0x0368	0x3446 ;?ICS?lstr3_home_automation+1
0x0369	0x344F ;?ICS?lstr3_home_automation+2
0x036A	0x344E ;?ICS?lstr3_home_automation+3
0x036B	0x3400 ;?ICS?lstr3_home_automation+4
; end of ?ICS?lstr3_home_automation
;home_automation.c,0 :: ?ICS?lstr2_home_automation
0x036C	0x3454 ;?ICS?lstr2_home_automation+0
0x036D	0x3441 ;?ICS?lstr2_home_automation+1
0x036E	0x3441 ;?ICS?lstr2_home_automation+2
0x036F	0x344F ;?ICS?lstr2_home_automation+3
0x0370	0x344E ;?ICS?lstr2_home_automation+4
0x0371	0x3400 ;?ICS?lstr2_home_automation+5
; end of ?ICS?lstr2_home_automation
;home_automation.c,0 :: ?ICS?lstr1_home_automation
0x0372	0x3446 ;?ICS?lstr1_home_automation+0
0x0373	0x3441 ;?ICS?lstr1_home_automation+1
0x0374	0x344F ;?ICS?lstr1_home_automation+2
0x0375	0x344E ;?ICS?lstr1_home_automation+3
0x0376	0x3400 ;?ICS?lstr1_home_automation+4
; end of ?ICS?lstr1_home_automation
;home_automation.c,0 :: ?ICS?lstr6_home_automation
0x0377	0x3454 ;?ICS?lstr6_home_automation+0
0x0378	0x3446 ;?ICS?lstr6_home_automation+1
0x0379	0x344F ;?ICS?lstr6_home_automation+2
0x037A	0x3446 ;?ICS?lstr6_home_automation+3
0x037B	0x3446 ;?ICS?lstr6_home_automation+4
0x037C	0x3400 ;?ICS?lstr6_home_automation+5
; end of ?ICS?lstr6_home_automation
;home_automation.c,0 :: ?ICS?lstr5_home_automation
0x037D	0x3454 ;?ICS?lstr5_home_automation+0
0x037E	0x3441 ;?ICS?lstr5_home_automation+1
0x037F	0x3441 ;?ICS?lstr5_home_automation+2
0x0380	0x344F ;?ICS?lstr5_home_automation+3
0x0381	0x3446 ;?ICS?lstr5_home_automation+4
0x0382	0x3446 ;?ICS?lstr5_home_automation+5
0x0383	0x3400 ;?ICS?lstr5_home_automation+6
; end of ?ICS?lstr5_home_automation
;home_automation.c,0 :: ?ICS?lstr4_home_automation
0x0384	0x3446 ;?ICS?lstr4_home_automation+0
0x0385	0x3441 ;?ICS?lstr4_home_automation+1
0x0386	0x344F ;?ICS?lstr4_home_automation+2
0x0387	0x3446 ;?ICS?lstr4_home_automation+3
0x0388	0x3446 ;?ICS?lstr4_home_automation+4
0x0389	0x3400 ;?ICS?lstr4_home_automation+5
; end of ?ICS?lstr4_home_automation
;home_automation.c,0 :: ?ICS?lstr10_home_automation
0x038A	0x3454 ;?ICS?lstr10_home_automation+0
0x038B	0x3456 ;?ICS?lstr10_home_automation+1
0x038C	0x3420 ;?ICS?lstr10_home_automation+2
0x038D	0x3426 ;?ICS?lstr10_home_automation+3
0x038E	0x3420 ;?ICS?lstr10_home_automation+4
0x038F	0x3446 ;?ICS?lstr10_home_automation+5
0x0390	0x3441 ;?ICS?lstr10_home_automation+6
0x0391	0x344E ;?ICS?lstr10_home_automation+7
0x0392	0x3420 ;?ICS?lstr10_home_automation+8
0x0393	0x344F ;?ICS?lstr10_home_automation+9
0x0394	0x344E ;?ICS?lstr10_home_automation+10
0x0395	0x3400 ;?ICS?lstr10_home_automation+11
; end of ?ICS?lstr10_home_automation
;home_automation.c,0 :: ?ICS?lstr12_home_automation
0x0396	0x3454 ;?ICS?lstr12_home_automation+0
0x0397	0x3456 ;?ICS?lstr12_home_automation+1
0x0398	0x3420 ;?ICS?lstr12_home_automation+2
0x0399	0x3426 ;?ICS?lstr12_home_automation+3
0x039A	0x3420 ;?ICS?lstr12_home_automation+4
0x039B	0x3446 ;?ICS?lstr12_home_automation+5
0x039C	0x3441 ;?ICS?lstr12_home_automation+6
0x039D	0x344E ;?ICS?lstr12_home_automation+7
0x039E	0x3420 ;?ICS?lstr12_home_automation+8
0x039F	0x344F ;?ICS?lstr12_home_automation+9
0x03A0	0x3446 ;?ICS?lstr12_home_automation+10
0x03A1	0x3446 ;?ICS?lstr12_home_automation+11
0x03A2	0x3400 ;?ICS?lstr12_home_automation+12
; end of ?ICS?lstr12_home_automation
;home_automation.c,0 :: ?ICS?lstr11_home_automation
0x03A3	0x3454 ;?ICS?lstr11_home_automation+0
0x03A4	0x3441 ;?ICS?lstr11_home_automation+1
0x03A5	0x3441 ;?ICS?lstr11_home_automation+2
0x03A6	0x3420 ;?ICS?lstr11_home_automation+3
0x03A7	0x3449 ;?ICS?lstr11_home_automation+4
0x03A8	0x3453 ;?ICS?lstr11_home_automation+5
0x03A9	0x3420 ;?ICS?lstr11_home_automation+6
0x03AA	0x344F ;?ICS?lstr11_home_automation+7
0x03AB	0x3446 ;?ICS?lstr11_home_automation+8
0x03AC	0x3446 ;?ICS?lstr11_home_automation+9
0x03AD	0x3400 ;?ICS?lstr11_home_automation+10
; end of ?ICS?lstr11_home_automation
Symbol List:
//** Routines locations **
//ADDRESS    SIZE    PROCEDURE
//----------------------------------------------
0x0004     [224]    _interrupt
0x00E4       [7]    _Delay_50us
0x00EB      [13]    _Delay_5500us
0x00F8       [3]    _Delay_1us
0x00FB      [87]    _Lcd_Cmd
0x0152       [7]    _____DoICP
0x0159       [9]    _Lcd_Chr_CP
0x0162      [16]    _UART1_Init
0x0172      [67]    _Lcd_Out
0x01B5      [12]    ___CC2DW
0x01C1      [78]    _Lcd_Init
0x020F       [7]    _UART1_Data_Ready
0x0216      [11]    _UART1_Read
0x0221      [43]    _strncmp
0x024C     [241]    _main
//** Variables locations ** 
//ADDRESS    SIZE    VARIABLE
//----------------------------------------------
0x0000       [1]    INDF
0x0002       [1]    PCL
0x0003       [1]    STATUS
0x0004       [1]    FSR
0x0005       [1]    PORTA
0x0005       [0]    RA0_bit
0x0005       [0]    sensa
0x0006       [0]    RB2_bit
0x0006       [0]    RB3_bit
0x0006       [0]    RB7_bit
0x0006       [0]    RB6_bit
0x0006       [0]    RB4_bit
0x0006       [0]    RB5_bit
0x0006       [0]    LCD_D4
0x0006       [0]    LCD_EN
0x0006       [0]    LCD_RS
0x0006       [0]    LCD_D5
0x0006       [0]    LCD_D7
0x0006       [0]    LCD_D6
0x0008       [0]    RD2_bit
0x0008       [0]    RD1_bit
0x0008       [0]    taa
0x0008       [0]    RD3_bit
0x0008       [0]    RD0_bit
0x0008       [1]    PORTD
0x0008       [0]    tv
0x0008       [0]    baza
0x0008       [0]    fan
0x000A       [1]    PCLATH
0x000B       [1]    INTCON
0x000C       [1]    PIR1
0x000C       [0]    RCIF_bit
0x0018       [1]    RCSTA
0x001A       [1]    RCREG
0x0024      [16]    ?lstr7_home_automation
0x0034      [10]    ?lstr8_home_automation
0x003E      [10]    ?lstr9_home_automation
0x0048       [5]    ?lstr3_home_automation
0x004D       [6]    ?lstr2_home_automation
0x0053       [5]    ?lstr1_home_automation
0x0058       [6]    ?lstr6_home_automation
0x005E       [7]    ?lstr5_home_automation
0x0065       [6]    ?lstr4_home_automation
0x006B       [1]    _kifaa_status
0x006C       [2]    ___DoICPAddr
0x006E       [1]    _i
0x006F       [0]    __Lib_Lcd_cmd_status
0x0070       [1]    R0
0x0071       [1]    R1
0x0072       [1]    R2
0x0073       [1]    R3
0x0074       [1]    R4
0x0075       [1]    R5
0x0076       [1]    R6
0x0077       [1]    R7
0x0078       [1]    R8
0x0079       [1]    R9
0x007A       [1]    R10
0x007B       [1]    R11
0x007C       [1]    R12
0x007D       [1]    R13
0x007E       [1]    R14
0x007F       [1]    R15
0x0085       [1]    TRISA
0x0086       [0]    LCD_EN_Direction
0x0086       [0]    LCD_D4_Direction
0x0086       [0]    LCD_D5_Direction
0x0086       [0]    LCD_RS_Direction
0x0086       [0]    TRISB7_bit
0x0086       [0]    TRISB6_bit
0x0086       [0]    TRISB5_bit
0x0086       [0]    TRISB2_bit
0x0086       [0]    TRISB3_bit
0x0086       [0]    LCD_D6_Direction
0x0086       [0]    LCD_D7_Direction
0x0086       [0]    TRISB4_bit
0x0087       [0]    TRISC6_bit
0x0087       [0]    TRISC7_bit
0x0088       [1]    TRISD
0x008C       [0]    RCIE_bit
0x0098       [1]    TXSTA
0x0099       [1]    SPBRG
0x009C       [1]    CMCON
0x009F       [1]    ADCON1
0x00A0      [12]    ?lstr10_home_automation
0x00AC      [13]    ?lstr12_home_automation
0x00B9      [11]    ?lstr11_home_automation
0x00C4       [1]    ___savePCLATH
0x00C5       [1]    ___saveSTATUS
0x00C6       [1]    FARG_Lcd_Out_row
0x00C7       [1]    FARG_Lcd_Out_column
0x00C8       [1]    FARG_Lcd_Out_text
0x00C9       [1]    Lcd_Out_i_L0
0x00CA       [1]    FARG_Lcd_Chr_CP_out_char
0x00CB       [1]    FARG_Lcd_Cmd_out_char
0x00CC       [2]    interrupt_delimiter__L0
0x00CE      [20]    interrupt_txt_L0
0x00E2       [1]    interrupt_j_L0
0x00E3       [1]    interrupt_k_L0
0x00E4       [1]    FARG_strncmp_s1
0x00E5       [1]    FARG_strncmp_s2
0x00E6       [1]    FARG_strncmp_len
//** Constants locations ** 
//ADDRESS    SIZE    CONSTANT
//----------------------------------------------
0x0343      [16]    ?ICS?lstr7_home_automation
0x0353      [10]    ?ICS?lstr8_home_automation
0x035D      [10]    ?ICS?lstr9_home_automation
0x0367       [5]    ?ICS?lstr3_home_automation
0x036C       [6]    ?ICS?lstr2_home_automation
0x0372       [5]    ?ICS?lstr1_home_automation
0x0377       [6]    ?ICS?lstr6_home_automation
0x037D       [7]    ?ICS?lstr5_home_automation
0x0384       [6]    ?ICS?lstr4_home_automation
0x038A      [12]    ?ICS?lstr10_home_automation
0x0396      [13]    ?ICS?lstr12_home_automation
0x03A3      [11]    ?ICS?lstr11_home_automation
//** Label List: ** 
//----------------------------------------------
  L_interrupt0
  L_interrupt1
  L_interrupt2
  L_interrupt3
  L_interrupt4
  L_interrupt5
  L_interrupt6
  L_interrupt7
  L_interrupt8
  L_interrupt9
  L_interrupt10
  L_interrupt11
  L_interrupt12
  L_interrupt13
  L_interrupt14
  L_interrupt15
  L_interrupt16
  L_interrupt17
  L_interrupt18
  L_interrupt19
  L_interrupt20
  L_interrupt21
  L_interrupt22
  L_interrupt23
  L_interrupt24
  L_main25
  ___main_main
  L_main26
  L_main27
  L_main28
  L_main29
  L_main30
  L_main31
  L_main32
  L_main33
  L_main34
  L_main35
  L_main36
  L_main37
  L_main38
  L_main39
  L_main40
  L_main41
  L_main42
  L__interrupt43
  L__interrupt44
  L__interrupt45
  L_end_interrupt
  _interrupt
  L__interrupt47
  L__interrupt48
  L__interrupt49
  L__interrupt50
  L__interrupt51
  L__interrupt52
  L__interrupt53
  L_end_main
  _main
  L_Delay_10us0
  L_Delay_22us1
  L_Delay_50us2
  L_Delay_80us3
  L_Delay_500us4
  L_Delay_5500us5
  L_Delay_1ms6
  L_Delay_5ms7
  L_Delay_8ms8
  L_Delay_10ms9
  L_Delay_100ms10
  L_Delay_1sec11
  L_boot16_Delay_5ms12
  L_Delay_Cyc13
  L_Delay_Cyc14
  L_VDelay_ms15
  L_VDelay_ms16
  L_VDelay_ms17
  L_VDelay_Advanced_ms18
  L_VDelay_Advanced_ms19
  L_VDelay_Advanced_ms20
  L_end_Get_Fosc_kHz
  _Get_Fosc_kHz
  L_end_Delay_1us
  _Delay_1us
  L_end_Delay_10us
  _Delay_10us
  L_end_Delay_22us
  _Delay_22us
  L_end_Delay_50us
  _Delay_50us
  L_end_Delay_80us
  _Delay_80us
  L_end_Delay_500us
  _Delay_500us
  L_end_Delay_5500us
  _Delay_5500us
  L_end_Delay_1ms
  _Delay_1ms
  L_end_Delay_5ms
  _Delay_5ms
  L_end_Delay_8ms
  _Delay_8ms
  L_end_Delay_10ms
  _Delay_10ms
  L_end_Delay_100ms
  _Delay_100ms
  L_end_Delay_1sec
  _Delay_1sec
  L_end_boot16_Delay_5ms
  _boot16_Delay_5ms
  L_end_Delay_Cyc
  _Delay_Cyc
  L_end_VDelay_ms
  _VDelay_ms
  L__VDelay_ms38
  L__VDelay_ms39
  L__VDelay_ms40
  L_end_VDelay_Advanced_ms
  _VDelay_Advanced_ms
  L__VDelay_Advanced_ms42
  L__VDelay_Advanced_ms43
  L__VDelay_Advanced_ms44
  L_Lcd_Cmd0
  L_Lcd_Cmd1
  L_Lcd_Out_CP2
  L_Lcd_Out_CP3
  L_Lcd_Chr4
  L_Lcd_Chr5
  L_Lcd_Chr6
  L_Lcd_Chr7
  L_Lcd_Chr8
  L_Lcd_Chr9
  L_Lcd_Chr10
  L_Lcd_Out11
  L_Lcd_Out12
  L_Lcd_Out13
  L_Lcd_Out14
  L_Lcd_Out15
  L_Lcd_Out16
  L_Lcd_Out17
  L_Lcd_Out18
  L_Lcd_Out19
  L_end_Lcd_Cmd
  _Lcd_Cmd
  L__Lcd_Cmd21
  L__Lcd_Cmd22
  L__Lcd_Cmd23
  L__Lcd_Cmd24
  L__Lcd_Cmd25
  L__Lcd_Cmd26
  L__Lcd_Cmd27
  L__Lcd_Cmd28
  L__Lcd_Cmd29
  L__Lcd_Cmd30
  L__Lcd_Cmd31
  L__Lcd_Cmd32
  L__Lcd_Cmd33
  L__Lcd_Cmd34
  L__Lcd_Cmd35
  L__Lcd_Cmd36
  L__Lcd_Cmd37
  L__Lcd_Cmd38
  L__Lcd_Cmd39
  L__Lcd_Cmd40
  L_end_Lcd_Chr_CP
  _Lcd_Chr_CP
  L_end_Lcd_Out_CP
  _Lcd_Out_CP
  L_end_Lcd_Chr
  _Lcd_Chr
  L_end_Lcd_Init
  _Lcd_Init
  L_end_Lcd_Out
  _Lcd_Out
  L_loopCA2AWs
  L_CA2AWend
  _CCA2AW_Loop1
  L_loopCS2Ss
  L_CS2Send
  _CCS2S_Loop1
  L_CCS2Send
  L_loopFZinSWs
  L_FZinSend
  _CC2D_Loop1
  L_end_____DoICP
  _____DoICP
  L_end_____DoIFC
  _____DoIFC
  L_end___CA2AW
  ___CA2AW
  L_end___CCA2AW
  ___CCA2AW
  L_end___CS2S
  ___CS2S
  L_end___CCS2S
  ___CCS2S
  L_end___FZinS
  ___FZinS
  L_end___CC2DW
  ___CC2DW
  L_end_Swap
  _Swap
  L_UART1_Init0
  L_UART1_Init1
  L_UART1_Read2
  L_UART1_Write3
  L_UART1_Write4
  L_UART1_Write_Text5
  L_UART1_Write_Text6
  L_UART1_Read_Text7
  L_UART1_Read_Text8
  L_UART1_Read_Text9
  L_UART1_Read_Text10
  L_UART1_Read_Text11
  L_UART1_Read_Text12
  L_UART1_Read_Text13
  L_UART1_Read_Text14
  L_UART1_Read_Text15
  L_end_UART1_Init
  _UART1_Init
  L_end_UART1_Data_Ready
  _UART1_Data_Ready
  L_end_UART1_Read
  _UART1_Read
  L_end_UART1_Tx_Idle
  _UART1_Tx_Idle
  L_end_UART1_Write
  _UART1_Write
  L_end_UART1_Write_Text
  _UART1_Write_Text
  L_end_UART1_Read_Text
  _UART1_Read_Text
  L_interrupt0
  L_interrupt1
  L_interrupt2
  L_interrupt3
  L_interrupt4
  L_interrupt5
  L_interrupt6
  L_interrupt7
  L_interrupt8
  L_interrupt9
  L_interrupt10
  L_interrupt11
  L_interrupt12
  L_interrupt13
  L_interrupt14
  L_interrupt15
  L_interrupt16
  L_interrupt17
  L_interrupt18
  L_interrupt19
  L_interrupt20
  L_interrupt21
  L_interrupt22
  L_interrupt23
  L_interrupt24
  L_main25
  ___main_main
  L_main26
  L_main27
  L_main28
  L_main29
  L_main30
  L_main31
  L_main32
  L_main33
  L_main34
  L_main35
  L_main36
  L_main37
  L_main38
  L_main39
  L_main40
  L_main41
  L_main42
  L__interrupt43
  L__interrupt44
  L__interrupt45
  L_end_interrupt
  _interrupt
  L__interrupt47
  L__interrupt48
  L__interrupt49
  L__interrupt50
  L__interrupt51
  L__interrupt52
  L__interrupt53
  L_end_main
  _main
  L_memchr0
  L_memchr1
  L_memchr2
  L_memchr3
  L_memcmp4
  L_memcmp5
  L_memcmp6
  L_memcpy7
  L_memcpy8
  L_memmove9
  L_memmove10
  L_memmove11
  L_memmove12
  L_memmove13
  L_memmove14
  L_memmove15
  L_memmove16
  L_memmove17
  L_memmove18
  L_memmove19
  L_memset20
  L_memset21
  L_strcat22
  L_strcat23
  L_strcat24
  L_strcat25
  L_strchr26
  L_strchr27
  L_strchr28
  L_strchr29
  L_strcmp30
  L_strcmp31
  L_strcmp32
  L_strcmp33
  L_strcpy34
  L_strcpy35
  L_strlen36
  L_strlen37
  L_strncat38
  L_strncat39
  L_strncat40
  L_strncat41
  L_strncat42
  L_strncat43
  L_strncat44
  L_strncpy45
  L_strncpy46
  L_strncpy47
  L_strncpy48
  L_strncpy49
  L_strspn50
  L_strspn51
  L_strspn52
  L_strspn53
  L_strcspn54
  L_strcspn55
  L_strcspn56
  L_strcspn57
  L_strncmp58
  L_strncmp59
  L_strncmp60
  L_strncmp61
  L_strncmp62
  L_strpbrk63
  L_strpbrk64
  L_strpbrk65
  L_strrchr66
  L_strrchr67
  L_strrchr68
  L_strrchr69
  L_strstr70
  L_strstr71
  L_strstr72
  L_strstr73
  L_strstr74
  L_strtok75
  L_strtok76
  L_strtok77
  L_strtok78
  L_strtok79
  L__memmove80
  L__strcmp81
  L__strncat82
  L__strspn83
  L__strcspn84
  L__strncmp85
  L__strstr86
  L_end_memchr
  _memchr
  L_end_memcmp
  _memcmp
  L__memcmp89
  L_end_memcpy
  _memcpy
  L_end_memmove
  _memmove
  L_end_memset
  _memset
  L_end_strcat
  _strcat
  L_end_strchr
  _strchr
  L_end_strcmp
  _strcmp
  L_end_strcpy
  _strcpy
  L_end_strlen
  _strlen
  L_end_strncat
  _strncat
  L__strncat99
  L_end_strncpy
  _strncpy
  L_end_strspn
  _strspn
  L_end_strcspn
  _strcspn
  L_end_strncmp
  _strncmp
  L_end_strpbrk
  _strpbrk
  L_end_strrchr
  _strrchr
  L_end_strstr
  _strstr
  L__strstr107
  L_end_strtok
  _strtok
  L_UART1_Init0
  L_UART1_Init1
  L_UART1_Read2
  L_UART1_Write3
  L_UART1_Write4
  L_UART1_Write_Text5
  L_UART1_Write_Text6
  L_UART1_Read_Text7
  L_UART1_Read_Text8
  L_UART1_Read_Text9
  L_UART1_Read_Text10
  L_UART1_Read_Text11
  L_UART1_Read_Text12
  L_UART1_Read_Text13
  L_UART1_Read_Text14
  L_UART1_Read_Text15
  L_end_UART1_Init
  _UART1_Init
  L_end_UART1_Data_Ready
  _UART1_Data_Ready
  L_end_UART1_Read
  _UART1_Read
  L_end_UART1_Tx_Idle
  _UART1_Tx_Idle
  L_end_UART1_Write
  _UART1_Write
  L_end_UART1_Write_Text
  _UART1_Write_Text
  L_end_UART1_Read_Text
  _UART1_Read_Text
